<?xml version="1.0" encoding="UTF-8"?>
<!-- Generated by org.testng.reporters.JUnitXMLReporter -->
<testsuite hostname="LVN01000147" ignored="0" name="Command line test" tests="18" failures="3" timestamp="2022-06-17T17:18:01 ICT" time="174.371" errors="0">
  <testcase name="@BeforeMethod signIn" time="10.233" classname="tests.AdminTest">
    <failure type="org.openqa.selenium.ElementNotInteractableException" message="element not interactable
  (Session info: chrome=102.0.5005.115)
Build info: version: &amp;apos;4.1.1&amp;apos;, revision: &amp;apos;e8fcc2cecf&amp;apos;
System info: host: &amp;apos;LVN01000147&amp;apos;, ip: &amp;apos;192.168.43.52&amp;apos;, os.name: &amp;apos;Windows 10&amp;apos;, os.arch: &amp;apos;amd64&amp;apos;, os.version: &amp;apos;10.0&amp;apos;, java.version: &amp;apos;1.8.0_311&amp;apos;
Driver info: org.openqa.selenium.chrome.ChromeDriver
Command: [b3db8cc2b2f349a1393a3327d6b6e20d, sendKeysToElement {id=c7de0658-1228-4861-b19d-d30a35504b4d, value=[Ljava.lang.CharSequence;@6a9d5dff}]
Capabilities {acceptInsecureCerts: false, browserName: chrome, browserVersion: 102.0.5005.115, chrome: {chromedriverVersion: 102.0.5005.61 (0e59bcc00cc4..., userDataDir: C:\Users\lamtran\AppData\Lo...}, goog:chromeOptions: {debuggerAddress: localhost:60193}, javascriptEnabled: true, networkConnectionEnabled: false, pageLoadStrategy: normal, platform: WINDOWS, platformName: WINDOWS, proxy: Proxy(), se:cdp: ws://localhost:60193/devtoo..., se:cdpVersion: 102.0.5005.115, setWindowRect: true, strictFileInteractability: false, timeouts: {implicit: 0, pageLoad: 300000, script: 30000}, unhandledPromptBehavior: dismiss and notify, webauthn:extension:credBlob: true, webauthn:extension:largeBlob: true, webauthn:virtualAuthenticators: true}
Element: [[ChromeDriver: chrome on WINDOWS (b3db8cc2b2f349a1393a3327d6b6e20d)] -&amp;gt; xpath: //input[@id=&amp;apos;email&amp;apos;]]
Session ID: b3db8cc2b2f349a1393a3327d6b6e20d">
      <![CDATA[org.openqa.selenium.ElementNotInteractableException: element not interactable
  (Session info: chrome=102.0.5005.115)
Build info: version: '4.1.1', revision: 'e8fcc2cecf'
System info: host: 'LVN01000147', ip: '192.168.43.52', os.name: 'Windows 10', os.arch: 'amd64', os.version: '10.0', java.version: '1.8.0_311'
Driver info: org.openqa.selenium.chrome.ChromeDriver
Command: [b3db8cc2b2f349a1393a3327d6b6e20d, sendKeysToElement {id=c7de0658-1228-4861-b19d-d30a35504b4d, value=[Ljava.lang.CharSequence;@6a9d5dff}]
Capabilities {acceptInsecureCerts: false, browserName: chrome, browserVersion: 102.0.5005.115, chrome: {chromedriverVersion: 102.0.5005.61 (0e59bcc00cc4..., userDataDir: C:\Users\lamtran\AppData\Lo...}, goog:chromeOptions: {debuggerAddress: localhost:60193}, javascriptEnabled: true, networkConnectionEnabled: false, pageLoadStrategy: normal, platform: WINDOWS, platformName: WINDOWS, proxy: Proxy(), se:cdp: ws://localhost:60193/devtoo..., se:cdpVersion: 102.0.5005.115, setWindowRect: true, strictFileInteractability: false, timeouts: {implicit: 0, pageLoad: 300000, script: 30000}, unhandledPromptBehavior: dismiss and notify, webauthn:extension:credBlob: true, webauthn:extension:largeBlob: true, webauthn:virtualAuthenticators: true}
Element: [[ChromeDriver: chrome on WINDOWS (b3db8cc2b2f349a1393a3327d6b6e20d)] -> xpath: //input[@id='email']]
Session ID: b3db8cc2b2f349a1393a3327d6b6e20d
at org.openqa.selenium.remote.codec.w3c.W3CHttpResponseCodec.createException(W3CHttpResponseCodec.java:200)
at org.openqa.selenium.remote.codec.w3c.W3CHttpResponseCodec.decode(W3CHttpResponseCodec.java:133)
at org.openqa.selenium.remote.codec.w3c.W3CHttpResponseCodec.decode(W3CHttpResponseCodec.java:53)
at org.openqa.selenium.remote.HttpCommandExecutor.execute(HttpCommandExecutor.java:184)
at org.openqa.selenium.remote.service.DriverCommandExecutor.invokeExecute(DriverCommandExecutor.java:167)
at org.openqa.selenium.remote.service.DriverCommandExecutor.execute(DriverCommandExecutor.java:142)
at org.openqa.selenium.remote.RemoteWebDriver.execute(RemoteWebDriver.java:543)
at org.openqa.selenium.remote.RemoteWebElement.execute(RemoteWebElement.java:251)
at org.openqa.selenium.remote.RemoteWebElement.sendKeys(RemoteWebElement.java:107)
at pages.SignInPage.Login(SignInPage.java:24)
at tests.AdminTest.signIn(AdminTest.java:16)
at java.util.ArrayList.forEach(Unknown Source)
... Removed 45 stack frames]]>
    </failure>
  </testcase> <!-- @BeforeMethod signIn -->
  <testcase name="@BeforeMethod signIn" time="-1.655460938629E9" classname="tests.AdminTest">
    <skipped/>
  </testcase> <!-- @BeforeMethod signIn -->
  <testcase name="@BeforeMethod signIn" time="-1.655460938639E9" classname="tests.AdminTest">
    <skipped/>
  </testcase> <!-- @BeforeMethod signIn -->
  <testcase name="@BeforeMethod signIn" time="-1.655460938652E9" classname="tests.AdminTest">
    <skipped/>
  </testcase> <!-- @BeforeMethod signIn -->
  <testcase name="@BeforeMethod signIn" time="-1.655460938665E9" classname="tests.AdminTest">
    <skipped/>
  </testcase> <!-- @BeforeMethod signIn -->
  <testcase name="@BeforeMethod signIn" time="-1.655460938674E9" classname="tests.AdminTest">
    <skipped/>
  </testcase> <!-- @BeforeMethod signIn -->
  <testcase name="@BeforeMethod signIn" time="-1.655460938684E9" classname="tests.AdminTest">
    <skipped/>
  </testcase> <!-- @BeforeMethod signIn -->
  <testcase name="@AfterClass tearDown" time="-1.655460938693E9" classname="tests.BaseTest">
    <skipped/>
  </testcase> <!-- @AfterClass tearDown -->
  <testcase name="@BeforeMethod signIn" time="10.129" classname="tests.HomePageTest">
    <failure type="org.openqa.selenium.ElementNotInteractableException" message="element not interactable
  (Session info: chrome=102.0.5005.115)
Build info: version: &amp;apos;4.1.1&amp;apos;, revision: &amp;apos;e8fcc2cecf&amp;apos;
System info: host: &amp;apos;LVN01000147&amp;apos;, ip: &amp;apos;192.168.43.52&amp;apos;, os.name: &amp;apos;Windows 10&amp;apos;, os.arch: &amp;apos;amd64&amp;apos;, os.version: &amp;apos;10.0&amp;apos;, java.version: &amp;apos;1.8.0_311&amp;apos;
Driver info: org.openqa.selenium.chrome.ChromeDriver
Command: [f2a16ffdddf63c2e34f85d1d9e01a226, sendKeysToElement {id=5a8421bb-63a8-40fb-a02f-4b63c0bbc5f7, value=[Ljava.lang.CharSequence;@6c03fb16}]
Capabilities {acceptInsecureCerts: false, browserName: chrome, browserVersion: 102.0.5005.115, chrome: {chromedriverVersion: 102.0.5005.61 (0e59bcc00cc4..., userDataDir: C:\Users\lamtran\AppData\Lo...}, goog:chromeOptions: {debuggerAddress: localhost:60276}, javascriptEnabled: true, networkConnectionEnabled: false, pageLoadStrategy: normal, platform: WINDOWS, platformName: WINDOWS, proxy: Proxy(), se:cdp: ws://localhost:60276/devtoo..., se:cdpVersion: 102.0.5005.115, setWindowRect: true, strictFileInteractability: false, timeouts: {implicit: 0, pageLoad: 300000, script: 30000}, unhandledPromptBehavior: dismiss and notify, webauthn:extension:credBlob: true, webauthn:extension:largeBlob: true, webauthn:virtualAuthenticators: true}
Element: [[ChromeDriver: chrome on WINDOWS (f2a16ffdddf63c2e34f85d1d9e01a226)] -&amp;gt; xpath: //input[@id=&amp;apos;email&amp;apos;]]
Session ID: f2a16ffdddf63c2e34f85d1d9e01a226">
      <![CDATA[org.openqa.selenium.ElementNotInteractableException: element not interactable
  (Session info: chrome=102.0.5005.115)
Build info: version: '4.1.1', revision: 'e8fcc2cecf'
System info: host: 'LVN01000147', ip: '192.168.43.52', os.name: 'Windows 10', os.arch: 'amd64', os.version: '10.0', java.version: '1.8.0_311'
Driver info: org.openqa.selenium.chrome.ChromeDriver
Command: [f2a16ffdddf63c2e34f85d1d9e01a226, sendKeysToElement {id=5a8421bb-63a8-40fb-a02f-4b63c0bbc5f7, value=[Ljava.lang.CharSequence;@6c03fb16}]
Capabilities {acceptInsecureCerts: false, browserName: chrome, browserVersion: 102.0.5005.115, chrome: {chromedriverVersion: 102.0.5005.61 (0e59bcc00cc4..., userDataDir: C:\Users\lamtran\AppData\Lo...}, goog:chromeOptions: {debuggerAddress: localhost:60276}, javascriptEnabled: true, networkConnectionEnabled: false, pageLoadStrategy: normal, platform: WINDOWS, platformName: WINDOWS, proxy: Proxy(), se:cdp: ws://localhost:60276/devtoo..., se:cdpVersion: 102.0.5005.115, setWindowRect: true, strictFileInteractability: false, timeouts: {implicit: 0, pageLoad: 300000, script: 30000}, unhandledPromptBehavior: dismiss and notify, webauthn:extension:credBlob: true, webauthn:extension:largeBlob: true, webauthn:virtualAuthenticators: true}
Element: [[ChromeDriver: chrome on WINDOWS (f2a16ffdddf63c2e34f85d1d9e01a226)] -> xpath: //input[@id='email']]
Session ID: f2a16ffdddf63c2e34f85d1d9e01a226
at org.openqa.selenium.remote.codec.w3c.W3CHttpResponseCodec.createException(W3CHttpResponseCodec.java:200)
at org.openqa.selenium.remote.codec.w3c.W3CHttpResponseCodec.decode(W3CHttpResponseCodec.java:133)
at org.openqa.selenium.remote.codec.w3c.W3CHttpResponseCodec.decode(W3CHttpResponseCodec.java:53)
at org.openqa.selenium.remote.HttpCommandExecutor.execute(HttpCommandExecutor.java:184)
at org.openqa.selenium.remote.service.DriverCommandExecutor.invokeExecute(DriverCommandExecutor.java:167)
at org.openqa.selenium.remote.service.DriverCommandExecutor.execute(DriverCommandExecutor.java:142)
at org.openqa.selenium.remote.RemoteWebDriver.execute(RemoteWebDriver.java:543)
at org.openqa.selenium.remote.RemoteWebElement.execute(RemoteWebElement.java:251)
at org.openqa.selenium.remote.RemoteWebElement.sendKeys(RemoteWebElement.java:107)
at pages.SignInPage.Login(SignInPage.java:24)
at tests.HomePageTest.signIn(HomePageTest.java:16)
at java.util.ArrayList.forEach(Unknown Source)
... Removed 45 stack frames]]>
    </failure>
  </testcase> <!-- @BeforeMethod signIn -->
  <testcase name="@BeforeMethod signIn" time="-1.655461017778E9" classname="tests.HomePageTest">
    <skipped/>
  </testcase> <!-- @BeforeMethod signIn -->
  <testcase name="@BeforeMethod signIn" time="-1.655461017788E9" classname="tests.HomePageTest">
    <skipped/>
  </testcase> <!-- @BeforeMethod signIn -->
  <testcase name="@BeforeMethod signIn" time="-1.655461017799E9" classname="tests.HomePageTest">
    <skipped/>
  </testcase> <!-- @BeforeMethod signIn -->
  <testcase name="@BeforeMethod signIn" time="-1.655461017828E9" classname="tests.HomePageTest">
    <skipped/>
  </testcase> <!-- @BeforeMethod signIn -->
  <testcase name="@AfterClass tearDown" time="-1.655461017843E9" classname="tests.BaseTest">
    <skipped/>
  </testcase> <!-- @AfterClass tearDown -->
  <testcase name="countColAndRowOnTable" time="2.417" classname="tests.AdminTest"/>
  <testcase name="getTextOnTable" time="0.0" classname="tests.AdminTest">
    <skipped/>
  </testcase> <!-- getTextOnTable -->
  <testcase name="inputNameOutputInfo" time="0.0" classname="tests.AdminTest">
    <skipped/>
  </testcase> <!-- inputNameOutputInfo -->
  <testcase name="totalsColsAndRows" time="0.0" classname="tests.AdminTest">
    <skipped/>
  </testcase> <!-- totalsColsAndRows -->
  <testcase name="checkNumberOfTable" time="0.0" classname="tests.AdminTest">
    <skipped/>
  </testcase> <!-- checkNumberOfTable -->
  <testcase name="inputNameOutputInfoMap" time="0.0" classname="tests.AdminTest">
    <skipped/>
  </testcase> <!-- inputNameOutputInfoMap -->
  <testcase name="searchCusName" time="0.0" classname="tests.AdminTest">
    <skipped/>
  </testcase> <!-- searchCusName -->
  <testcase name="deleteCustomer" time="0.0" classname="tests.AdminTest">
    <skipped/>
  </testcase> <!-- deleteCustomer -->
  <testcase name="testSearchItems" time="4.115" classname="tests.HomePageTest"/>
  <testcase name="testAddNewCustomer" time="0.0" classname="tests.HomePageTest">
    <skipped/>
  </testcase> <!-- testAddNewCustomer -->
  <testcase name="testAddCustomer" time="0.0" classname="tests.HomePageTest">
    <skipped/>
  </testcase> <!-- testAddCustomer -->
  <testcase name="testBuySomeItem" time="0.0" classname="tests.HomePageTest">
    <skipped/>
  </testcase> <!-- testBuySomeItem -->
  <testcase name="testCreateCusAdvice" time="0.0" classname="tests.HomePageTest">
    <skipped/>
  </testcase> <!-- testCreateCusAdvice -->
  <testcase name="testCustomerDashBoard" time="0.0" classname="tests.HomePageTest">
    <skipped/>
  </testcase> <!-- testCustomerDashBoard -->
  <testcase name="testLogin" time="17.73" classname="tests.SignInTest"/>
  <testcase name="testLoginWithDifferentAccount" time="10.316" classname="tests.SignInTest">
    <failure type="org.openqa.selenium.ElementNotInteractableException" message="element not interactable
  (Session info: chrome=102.0.5005.115)
Build info: version: &amp;apos;4.1.1&amp;apos;, revision: &amp;apos;e8fcc2cecf&amp;apos;
System info: host: &amp;apos;LVN01000147&amp;apos;, ip: &amp;apos;192.168.43.52&amp;apos;, os.name: &amp;apos;Windows 10&amp;apos;, os.arch: &amp;apos;amd64&amp;apos;, os.version: &amp;apos;10.0&amp;apos;, java.version: &amp;apos;1.8.0_311&amp;apos;
Driver info: org.openqa.selenium.chrome.ChromeDriver
Command: [2821e6b11654de5a6e097e0156f5706e, sendKeysToElement {id=9a8c2707-17b0-4207-ab7d-9ef41fb04017, value=[Ljava.lang.CharSequence;@67d86804}]
Capabilities {acceptInsecureCerts: false, browserName: chrome, browserVersion: 102.0.5005.115, chrome: {chromedriverVersion: 102.0.5005.61 (0e59bcc00cc4..., userDataDir: C:\Users\lamtran\AppData\Lo...}, goog:chromeOptions: {debuggerAddress: localhost:60441}, javascriptEnabled: true, networkConnectionEnabled: false, pageLoadStrategy: normal, platform: WINDOWS, platformName: WINDOWS, proxy: Proxy(), se:cdp: ws://localhost:60441/devtoo..., se:cdpVersion: 102.0.5005.115, setWindowRect: true, strictFileInteractability: false, timeouts: {implicit: 0, pageLoad: 300000, script: 30000}, unhandledPromptBehavior: dismiss and notify, webauthn:extension:credBlob: true, webauthn:extension:largeBlob: true, webauthn:virtualAuthenticators: true}
Element: [[ChromeDriver: chrome on WINDOWS (2821e6b11654de5a6e097e0156f5706e)] -&amp;gt; xpath: //input[@id=&amp;apos;email&amp;apos;]]
Session ID: 2821e6b11654de5a6e097e0156f5706e">
      <![CDATA[org.openqa.selenium.ElementNotInteractableException: element not interactable
  (Session info: chrome=102.0.5005.115)
Build info: version: '4.1.1', revision: 'e8fcc2cecf'
System info: host: 'LVN01000147', ip: '192.168.43.52', os.name: 'Windows 10', os.arch: 'amd64', os.version: '10.0', java.version: '1.8.0_311'
Driver info: org.openqa.selenium.chrome.ChromeDriver
Command: [2821e6b11654de5a6e097e0156f5706e, sendKeysToElement {id=9a8c2707-17b0-4207-ab7d-9ef41fb04017, value=[Ljava.lang.CharSequence;@67d86804}]
Capabilities {acceptInsecureCerts: false, browserName: chrome, browserVersion: 102.0.5005.115, chrome: {chromedriverVersion: 102.0.5005.61 (0e59bcc00cc4..., userDataDir: C:\Users\lamtran\AppData\Lo...}, goog:chromeOptions: {debuggerAddress: localhost:60441}, javascriptEnabled: true, networkConnectionEnabled: false, pageLoadStrategy: normal, platform: WINDOWS, platformName: WINDOWS, proxy: Proxy(), se:cdp: ws://localhost:60441/devtoo..., se:cdpVersion: 102.0.5005.115, setWindowRect: true, strictFileInteractability: false, timeouts: {implicit: 0, pageLoad: 300000, script: 30000}, unhandledPromptBehavior: dismiss and notify, webauthn:extension:credBlob: true, webauthn:extension:largeBlob: true, webauthn:virtualAuthenticators: true}
Element: [[ChromeDriver: chrome on WINDOWS (2821e6b11654de5a6e097e0156f5706e)] -> xpath: //input[@id='email']]
Session ID: 2821e6b11654de5a6e097e0156f5706e
at org.openqa.selenium.remote.codec.w3c.W3CHttpResponseCodec.createException(W3CHttpResponseCodec.java:200)
at org.openqa.selenium.remote.codec.w3c.W3CHttpResponseCodec.decode(W3CHttpResponseCodec.java:133)
at org.openqa.selenium.remote.codec.w3c.W3CHttpResponseCodec.decode(W3CHttpResponseCodec.java:53)
at org.openqa.selenium.remote.HttpCommandExecutor.execute(HttpCommandExecutor.java:184)
at org.openqa.selenium.remote.service.DriverCommandExecutor.invokeExecute(DriverCommandExecutor.java:167)
at org.openqa.selenium.remote.service.DriverCommandExecutor.execute(DriverCommandExecutor.java:142)
at org.openqa.selenium.remote.RemoteWebDriver.execute(RemoteWebDriver.java:543)
at org.openqa.selenium.remote.RemoteWebElement.execute(RemoteWebElement.java:251)
at org.openqa.selenium.remote.RemoteWebElement.sendKeys(RemoteWebElement.java:107)
at pages.SignInPage.Login(SignInPage.java:24)
at tests.SignInTest.testLoginWithDifferentAccount(SignInTest.java:29)
at java.util.ArrayList.forEach(Unknown Source)
... Removed 41 stack frames]]>
    </failure>
  </testcase> <!-- testLoginWithDifferentAccount -->
  <testcase name="testLoginWithDifferentAccount" time="10.051" classname="tests.SignInTest">
    <failure type="org.openqa.selenium.ElementNotInteractableException" message="element not interactable
  (Session info: chrome=102.0.5005.115)
Build info: version: &amp;apos;4.1.1&amp;apos;, revision: &amp;apos;e8fcc2cecf&amp;apos;
System info: host: &amp;apos;LVN01000147&amp;apos;, ip: &amp;apos;192.168.43.52&amp;apos;, os.name: &amp;apos;Windows 10&amp;apos;, os.arch: &amp;apos;amd64&amp;apos;, os.version: &amp;apos;10.0&amp;apos;, java.version: &amp;apos;1.8.0_311&amp;apos;
Driver info: org.openqa.selenium.chrome.ChromeDriver
Command: [2821e6b11654de5a6e097e0156f5706e, sendKeysToElement {id=9a8c2707-17b0-4207-ab7d-9ef41fb04017, value=[Ljava.lang.CharSequence;@5a82ebf8}]
Capabilities {acceptInsecureCerts: false, browserName: chrome, browserVersion: 102.0.5005.115, chrome: {chromedriverVersion: 102.0.5005.61 (0e59bcc00cc4..., userDataDir: C:\Users\lamtran\AppData\Lo...}, goog:chromeOptions: {debuggerAddress: localhost:60441}, javascriptEnabled: true, networkConnectionEnabled: false, pageLoadStrategy: normal, platform: WINDOWS, platformName: WINDOWS, proxy: Proxy(), se:cdp: ws://localhost:60441/devtoo..., se:cdpVersion: 102.0.5005.115, setWindowRect: true, strictFileInteractability: false, timeouts: {implicit: 0, pageLoad: 300000, script: 30000}, unhandledPromptBehavior: dismiss and notify, webauthn:extension:credBlob: true, webauthn:extension:largeBlob: true, webauthn:virtualAuthenticators: true}
Element: [[ChromeDriver: chrome on WINDOWS (2821e6b11654de5a6e097e0156f5706e)] -&amp;gt; xpath: //input[@id=&amp;apos;email&amp;apos;]]
Session ID: 2821e6b11654de5a6e097e0156f5706e">
      <![CDATA[org.openqa.selenium.ElementNotInteractableException: element not interactable
  (Session info: chrome=102.0.5005.115)
Build info: version: '4.1.1', revision: 'e8fcc2cecf'
System info: host: 'LVN01000147', ip: '192.168.43.52', os.name: 'Windows 10', os.arch: 'amd64', os.version: '10.0', java.version: '1.8.0_311'
Driver info: org.openqa.selenium.chrome.ChromeDriver
Command: [2821e6b11654de5a6e097e0156f5706e, sendKeysToElement {id=9a8c2707-17b0-4207-ab7d-9ef41fb04017, value=[Ljava.lang.CharSequence;@5a82ebf8}]
Capabilities {acceptInsecureCerts: false, browserName: chrome, browserVersion: 102.0.5005.115, chrome: {chromedriverVersion: 102.0.5005.61 (0e59bcc00cc4..., userDataDir: C:\Users\lamtran\AppData\Lo...}, goog:chromeOptions: {debuggerAddress: localhost:60441}, javascriptEnabled: true, networkConnectionEnabled: false, pageLoadStrategy: normal, platform: WINDOWS, platformName: WINDOWS, proxy: Proxy(), se:cdp: ws://localhost:60441/devtoo..., se:cdpVersion: 102.0.5005.115, setWindowRect: true, strictFileInteractability: false, timeouts: {implicit: 0, pageLoad: 300000, script: 30000}, unhandledPromptBehavior: dismiss and notify, webauthn:extension:credBlob: true, webauthn:extension:largeBlob: true, webauthn:virtualAuthenticators: true}
Element: [[ChromeDriver: chrome on WINDOWS (2821e6b11654de5a6e097e0156f5706e)] -> xpath: //input[@id='email']]
Session ID: 2821e6b11654de5a6e097e0156f5706e
at org.openqa.selenium.remote.codec.w3c.W3CHttpResponseCodec.createException(W3CHttpResponseCodec.java:200)
at org.openqa.selenium.remote.codec.w3c.W3CHttpResponseCodec.decode(W3CHttpResponseCodec.java:133)
at org.openqa.selenium.remote.codec.w3c.W3CHttpResponseCodec.decode(W3CHttpResponseCodec.java:53)
at org.openqa.selenium.remote.HttpCommandExecutor.execute(HttpCommandExecutor.java:184)
at org.openqa.selenium.remote.service.DriverCommandExecutor.invokeExecute(DriverCommandExecutor.java:167)
at org.openqa.selenium.remote.service.DriverCommandExecutor.execute(DriverCommandExecutor.java:142)
at org.openqa.selenium.remote.RemoteWebDriver.execute(RemoteWebDriver.java:543)
at org.openqa.selenium.remote.RemoteWebElement.execute(RemoteWebElement.java:251)
at org.openqa.selenium.remote.RemoteWebElement.sendKeys(RemoteWebElement.java:107)
at pages.SignInPage.Login(SignInPage.java:24)
at tests.SignInTest.testLoginWithDifferentAccount(SignInTest.java:29)
at java.util.ArrayList.forEach(Unknown Source)
... Removed 41 stack frames]]>
    </failure>
  </testcase> <!-- testLoginWithDifferentAccount -->
  <testcase name="testLoginWithDifferentAccount" time="10.057" classname="tests.SignInTest">
    <failure type="org.openqa.selenium.ElementNotInteractableException" message="element not interactable
  (Session info: chrome=102.0.5005.115)
Build info: version: &amp;apos;4.1.1&amp;apos;, revision: &amp;apos;e8fcc2cecf&amp;apos;
System info: host: &amp;apos;LVN01000147&amp;apos;, ip: &amp;apos;192.168.43.52&amp;apos;, os.name: &amp;apos;Windows 10&amp;apos;, os.arch: &amp;apos;amd64&amp;apos;, os.version: &amp;apos;10.0&amp;apos;, java.version: &amp;apos;1.8.0_311&amp;apos;
Driver info: org.openqa.selenium.chrome.ChromeDriver
Command: [2821e6b11654de5a6e097e0156f5706e, sendKeysToElement {id=9a8c2707-17b0-4207-ab7d-9ef41fb04017, value=[Ljava.lang.CharSequence;@3cf7298d}]
Capabilities {acceptInsecureCerts: false, browserName: chrome, browserVersion: 102.0.5005.115, chrome: {chromedriverVersion: 102.0.5005.61 (0e59bcc00cc4..., userDataDir: C:\Users\lamtran\AppData\Lo...}, goog:chromeOptions: {debuggerAddress: localhost:60441}, javascriptEnabled: true, networkConnectionEnabled: false, pageLoadStrategy: normal, platform: WINDOWS, platformName: WINDOWS, proxy: Proxy(), se:cdp: ws://localhost:60441/devtoo..., se:cdpVersion: 102.0.5005.115, setWindowRect: true, strictFileInteractability: false, timeouts: {implicit: 0, pageLoad: 300000, script: 30000}, unhandledPromptBehavior: dismiss and notify, webauthn:extension:credBlob: true, webauthn:extension:largeBlob: true, webauthn:virtualAuthenticators: true}
Element: [[ChromeDriver: chrome on WINDOWS (2821e6b11654de5a6e097e0156f5706e)] -&amp;gt; xpath: //input[@id=&amp;apos;email&amp;apos;]]
Session ID: 2821e6b11654de5a6e097e0156f5706e">
      <![CDATA[org.openqa.selenium.ElementNotInteractableException: element not interactable
  (Session info: chrome=102.0.5005.115)
Build info: version: '4.1.1', revision: 'e8fcc2cecf'
System info: host: 'LVN01000147', ip: '192.168.43.52', os.name: 'Windows 10', os.arch: 'amd64', os.version: '10.0', java.version: '1.8.0_311'
Driver info: org.openqa.selenium.chrome.ChromeDriver
Command: [2821e6b11654de5a6e097e0156f5706e, sendKeysToElement {id=9a8c2707-17b0-4207-ab7d-9ef41fb04017, value=[Ljava.lang.CharSequence;@3cf7298d}]
Capabilities {acceptInsecureCerts: false, browserName: chrome, browserVersion: 102.0.5005.115, chrome: {chromedriverVersion: 102.0.5005.61 (0e59bcc00cc4..., userDataDir: C:\Users\lamtran\AppData\Lo...}, goog:chromeOptions: {debuggerAddress: localhost:60441}, javascriptEnabled: true, networkConnectionEnabled: false, pageLoadStrategy: normal, platform: WINDOWS, platformName: WINDOWS, proxy: Proxy(), se:cdp: ws://localhost:60441/devtoo..., se:cdpVersion: 102.0.5005.115, setWindowRect: true, strictFileInteractability: false, timeouts: {implicit: 0, pageLoad: 300000, script: 30000}, unhandledPromptBehavior: dismiss and notify, webauthn:extension:credBlob: true, webauthn:extension:largeBlob: true, webauthn:virtualAuthenticators: true}
Element: [[ChromeDriver: chrome on WINDOWS (2821e6b11654de5a6e097e0156f5706e)] -> xpath: //input[@id='email']]
Session ID: 2821e6b11654de5a6e097e0156f5706e
at org.openqa.selenium.remote.codec.w3c.W3CHttpResponseCodec.createException(W3CHttpResponseCodec.java:200)
at org.openqa.selenium.remote.codec.w3c.W3CHttpResponseCodec.decode(W3CHttpResponseCodec.java:133)
at org.openqa.selenium.remote.codec.w3c.W3CHttpResponseCodec.decode(W3CHttpResponseCodec.java:53)
at org.openqa.selenium.remote.HttpCommandExecutor.execute(HttpCommandExecutor.java:184)
at org.openqa.selenium.remote.service.DriverCommandExecutor.invokeExecute(DriverCommandExecutor.java:167)
at org.openqa.selenium.remote.service.DriverCommandExecutor.execute(DriverCommandExecutor.java:142)
at org.openqa.selenium.remote.RemoteWebDriver.execute(RemoteWebDriver.java:543)
at org.openqa.selenium.remote.RemoteWebElement.execute(RemoteWebElement.java:251)
at org.openqa.selenium.remote.RemoteWebElement.sendKeys(RemoteWebElement.java:107)
at pages.SignInPage.Login(SignInPage.java:24)
at tests.SignInTest.testLoginWithDifferentAccount(SignInTest.java:29)
at java.util.ArrayList.forEach(Unknown Source)
... Removed 41 stack frames]]>
    </failure>
  </testcase> <!-- testLoginWithDifferentAccount -->
</testsuite> <!-- Command line test -->
